生成启动时间为 2011-10-14 14:12:04。
     1>项目“E:\Demo\CPracticeFactory\CgameDemo\CgameDemo.vcxproj”在节点 2 上(build 个目标)。
     1>InitializeBuildStatus:
         正在创建“Debug\CgameDemo.unsuccessfulbuild”，因为已指定“AlwaysCreate”。
       ClCompile:
         所有输出均为最新。
         D:\vs2010\VC\bin\CL.exe /c /ZI /nologo /W3 /WX- /Od /Oy- /D WIN32 /D _DEBUG /D _WINDOWS /D _UNICODE /D UNICODE /Gm /EHsc /RTC1 /MDd /GS /fp:precise /Zc:wchar_t /Zc:forScope /Yu"StdAfx.h" /Fp"Debug\CgameDemo.pch" /Fo"Debug\\" /Fd"Debug\vc100.pdb" /Gd /TP /analyze- /errorReport:prompt CgameDemo.cpp
         CgameDemo.cpp
     1>e:\demo\cpracticefactory\cgamedemo\cgamedemo.cpp(198): warning C4996: 'itoa': The POSIX name for this item is deprecated. Instead, use the ISO C++ conformant name: _itoa. See online help for details.
                 d:\vs2010\vc\include\stdlib.h(867) : 参见“itoa”的声明
     1>e:\demo\cpracticefactory\cgamedemo\cgamedemo.cpp(199): warning C4996: 'itoa': The POSIX name for this item is deprecated. Instead, use the ISO C++ conformant name: _itoa. See online help for details.
                 d:\vs2010\vc\include\stdlib.h(867) : 参见“itoa”的声明
     1>e:\demo\cpracticefactory\cgamedemo\cgamedemo.cpp(201): warning C4996: 'strcat': This function or variable may be unsafe. Consider using strcat_s instead. To disable deprecation, use _CRT_SECURE_NO_WARNINGS. See online help for details.
                 d:\vs2010\vc\include\string.h(110) : 参见“strcat”的声明
     1>e:\demo\cpracticefactory\cgamedemo\cgamedemo.cpp(202): warning C4996: 'strcat': This function or variable may be unsafe. Consider using strcat_s instead. To disable deprecation, use _CRT_SECURE_NO_WARNINGS. See online help for details.
                 d:\vs2010\vc\include\string.h(110) : 参见“strcat”的声明
     1>e:\demo\cpracticefactory\cgamedemo\cgamedemo.cpp(203): warning C4996: 'strcat': This function or variable may be unsafe. Consider using strcat_s instead. To disable deprecation, use _CRT_SECURE_NO_WARNINGS. See online help for details.
                 d:\vs2010\vc\include\string.h(110) : 参见“strcat”的声明
     1>e:\demo\cpracticefactory\cgamedemo\cgamedemo.cpp(206): warning C4996: 'strcpy': This function or variable may be unsafe. Consider using strcpy_s instead. To disable deprecation, use _CRT_SECURE_NO_WARNINGS. See online help for details.
                 d:\vs2010\vc\include\string.h(105) : 参见“strcpy”的声明
       ResourceCompile:
         所有输出均为最新。
       ManifestResourceCompile:
         所有输出均为最新。
       Link:
         D:\vs2010\VC\bin\link.exe /ERRORREPORT:PROMPT /OUT:"E:\Demo\CPracticeFactory\Debug\CgameDemo.exe" /INCREMENTAL /NOLOGO kernel32.lib user32.lib gdi32.lib winspool.lib comdlg32.lib advapi32.lib shell32.lib ole32.lib oleaut32.lib uuid.lib odbc32.lib odbccp32.lib /MANIFEST /ManifestFile:"Debug\CgameDemo.exe.intermediate.manifest" /MANIFESTUAC:"level='asInvoker' uiAccess='false'" /DEBUG /PDB:"E:\Demo\CPracticeFactory\Debug\CgameDemo.pdb" /SUBSYSTEM:WINDOWS /TLBID:1 /DYNAMICBASE /NXCOMPAT /IMPLIB:"E:\Demo\CPracticeFactory\Debug\CgameDemo.lib" /MACHINE:X86 Debug\CgameDemo.res
         Debug\CgameDemo.exe.embed.manifest.res
         Debug\CgameDemo.obj
         Debug\MainWindow.obj
         Debug\stdafx.obj
       Manifest:
         C:\Program Files\Microsoft SDKs\Windows\v7.0A\bin\mt.exe /nologo /verbose /out:"Debug\CgameDemo.exe.embed.manifest" /manifest Debug\CgameDemo.exe.intermediate.manifest
         所有输出均为最新。
       LinkEmbedManifest:
         所有输出均为最新。
         CgameDemo.vcxproj -> E:\Demo\CPracticeFactory\Debug\CgameDemo.exe
       FinalizeBuildStatus:
         正在删除文件“Debug\CgameDemo.unsuccessfulbuild”。
         正在对“Debug\CgameDemo.lastbuildstate”执行 Touch 任务。
     1>已完成生成项目“E:\Demo\CPracticeFactory\CgameDemo\CgameDemo.vcxproj”(build 个目标)的操作。

生成成功。

已用时间 00:00:01.46
